[0m19:33:15.623098 [debug] [MainThread]: Sending event: {'category': 'dbt', 'action': 'invocation', 'label': 'start', 'context': [<snowplow_tracker.self_describing_json.SelfDescribingJson object at 0x0000016489992F50>, <snowplow_tracker.self_describing_json.SelfDescribingJson object at 0x000001648884FC50>, <snowplow_tracker.self_describing_json.SelfDescribingJson object at 0x0000016489980B90>]}


============================== 19:33:15.639390 | 28da1349-9943-4ad4-a6a4-38856579e1a0 ==============================
[0m19:33:15.639390 [info ] [MainThread]: Running with dbt=1.8.2
[0m19:33:15.639390 [debug] [MainThread]: running dbt with arguments {'printer_width': '80', 'indirect_selection': 'eager', 'log_cache_events': 'False', 'write_json': 'True', 'partial_parse': 'True', 'cache_selected_only': 'False', 'warn_error': 'None', 'debug': 'False', 'fail_fast': 'False', 'log_path': 'logs', 'profiles_dir': 'C:\\Users\\Shivam_Bhongade\\.dbt', 'version_check': 'True', 'use_colors': 'True', 'use_experimental_parser': 'False', 'no_print': 'None', 'quiet': 'False', 'warn_error_options': 'WarnErrorOptions(include=[], exclude=[])', 'introspect': 'True', 'log_format': 'default', 'static_parser': 'True', 'target_path': 'None', 'invocation_command': 'dbt init dbt_assesment', 'send_anonymous_usage_stats': 'True'}
[0m19:33:15.654449 [warn ] [MainThread]: [ConfigFolderDirectory]: Unable to parse dict {'dir': WindowsPath('C:/Users/Shivam_Bhongade/.dbt')}
[0m19:33:15.654449 [info ] [MainThread]: Creating dbt configuration folder at 
[0m19:33:15.654449 [debug] [MainThread]: Starter project path: C:\Users\Shivam_Bhongade\Desktop\practice\assesment\sales_data_modelling\dbt_snowflake\Lib\site-packages\dbt\include\starter_project
[0m19:33:15.670086 [info ] [MainThread]: 
Your new dbt project "dbt_assesment" was created!

For more information on how to configure the profiles.yml file,
please consult the dbt documentation here:

  https://docs.getdbt.com/docs/configure-your-profile

One more thing:

Need help? Don't hesitate to reach out to us via GitHub issues or on Slack:

  https://community.getdbt.com/

Happy modeling!

[0m19:33:15.670086 [info ] [MainThread]: Setting up your profile.
[0m09:41:19.547399 [debug] [MainThread]: Sending event: {'category': 'dbt', 'action': 'invocation', 'label': 'start', 'context': [<snowplow_tracker.self_describing_json.SelfDescribingJson object at 0x00000253307C1D90>, <snowplow_tracker.self_describing_json.SelfDescribingJson object at 0x0000025330762590>, <snowplow_tracker.self_describing_json.SelfDescribingJson object at 0x0000025330761310>]}


============================== 09:41:19.547399 | cee3ab34-286e-49e7-b5f1-ef03e5fc8e87 ==============================
[0m09:41:19.547399 [info ] [MainThread]: Running with dbt=1.8.2
[0m09:41:19.562979 [debug] [MainThread]: running dbt with arguments {'printer_width': '80', 'indirect_selection': 'eager', 'log_cache_events': 'False', 'write_json': 'True', 'partial_parse': 'True', 'cache_selected_only': 'False', 'profiles_dir': 'C:\\Users\\Shivam_Bhongade\\.dbt', 'debug': 'False', 'fail_fast': 'False', 'log_path': 'logs', 'version_check': 'True', 'warn_error': 'None', 'use_colors': 'True', 'use_experimental_parser': 'False', 'no_print': 'None', 'quiet': 'False', 'log_format': 'default', 'introspect': 'True', 'warn_error_options': 'WarnErrorOptions(include=[], exclude=[])', 'invocation_command': 'dbt init dbt_project', 'target_path': 'None', 'static_parser': 'True', 'send_anonymous_usage_stats': 'True'}
[0m09:41:19.580190 [debug] [MainThread]: Starter project path: C:\Users\Shivam_Bhongade\Desktop\practice\assesment\sales_data_modelling\dbt_snowflake\Lib\site-packages\dbt\include\starter_project
[0m09:41:19.609699 [info ] [MainThread]: 
Your new dbt project "dbt_project" was created!

For more information on how to configure the profiles.yml file,
please consult the dbt documentation here:

  https://docs.getdbt.com/docs/configure-your-profile

One more thing:

Need help? Don't hesitate to reach out to us via GitHub issues or on Slack:

  https://community.getdbt.com/

Happy modeling!

[0m09:41:19.609699 [info ] [MainThread]: Setting up your profile.
[0m09:44:17.885186 [info ] [MainThread]: Profile dbt_project written to C:\Users\Shivam_Bhongade\.dbt\profiles.yml using target's profile_template.yml and your supplied values. Run 'dbt debug' to validate the connection.
[0m09:44:17.885186 [debug] [MainThread]: Command `dbt init` succeeded at 09:44:17.885186 after 178.43 seconds
[0m09:44:17.885186 [debug] [MainThread]: Sending event: {'category': 'dbt', 'action': 'invocation', 'label': 'end', 'context': [<snowplow_tracker.self_describing_json.SelfDescribingJson object at 0x000002532A58D990>, <snowplow_tracker.self_describing_json.SelfDescribingJson object at 0x000002532A408190>, <snowplow_tracker.self_describing_json.SelfDescribingJson object at 0x000002532A408150>]}
[0m09:44:17.885186 [debug] [MainThread]: Flushing usage events
[0m09:44:44.501687 [debug] [MainThread]: Sending event: {'category': 'dbt', 'action': 'invocation', 'label': 'start', 'context': [<snowplow_tracker.self_describing_json.SelfDescribingJson object at 0x0000022281EB4B50>, <snowplow_tracker.self_describing_json.SelfDescribingJson object at 0x0000022282125050>, <snowplow_tracker.self_describing_json.SelfDescribingJson object at 0x0000022281DA7950>]}


============================== 09:44:44.501687 | fc038489-1682-4942-ac02-af97ef2d1911 ==============================
[0m09:44:44.501687 [info ] [MainThread]: Running with dbt=1.8.2
[0m09:44:44.501687 [debug] [MainThread]: running dbt with arguments {'printer_width': '80', 'indirect_selection': 'eager', 'log_cache_events': 'False', 'write_json': 'True', 'partial_parse': 'True', 'cache_selected_only': 'False', 'profiles_dir': 'C:\\Users\\Shivam_Bhongade\\.dbt', 'fail_fast': 'False', 'version_check': 'True', 'log_path': 'logs', 'warn_error': 'None', 'debug': 'False', 'use_colors': 'True', 'use_experimental_parser': 'False', 'no_print': 'None', 'quiet': 'False', 'warn_error_options': 'WarnErrorOptions(include=[], exclude=[])', 'introspect': 'True', 'log_format': 'default', 'invocation_command': 'dbt debug', 'target_path': 'None', 'static_parser': 'True', 'send_anonymous_usage_stats': 'True'}
[0m09:44:44.532902 [info ] [MainThread]: dbt version: 1.8.2
[0m09:44:44.532902 [info ] [MainThread]: python version: 3.11.0
[0m09:44:44.532902 [info ] [MainThread]: python path: C:\Users\Shivam_Bhongade\Desktop\practice\assesment\sales_data_modelling\dbt_snowflake\Scripts\python.exe
[0m09:44:44.532902 [info ] [MainThread]: os info: Windows-10-10.0.22631-SP0
[0m09:44:45.365120 [info ] [MainThread]: Using profiles dir at C:\Users\Shivam_Bhongade\.dbt
[0m09:44:45.365120 [info ] [MainThread]: Using profiles.yml file at C:\Users\Shivam_Bhongade\.dbt\profiles.yml
[0m09:44:45.365120 [info ] [MainThread]: Using dbt_project.yml file at C:\Users\Shivam_Bhongade\Desktop\practice\assesment\sales_data_modelling\dbt_project.yml
[0m09:44:45.365120 [info ] [MainThread]: adapter type: snowflake
[0m09:44:45.365120 [info ] [MainThread]: adapter version: 1.8.3
[0m09:44:45.365120 [info ] [MainThread]: Configuration:
[0m09:44:45.365120 [info ] [MainThread]:   profiles.yml file [[32mOK found and valid[0m]
[0m09:44:45.365120 [info ] [MainThread]:   dbt_project.yml file [[31mERROR not found[0m]
[0m09:44:45.365120 [info ] [MainThread]: Required dependencies:
[0m09:44:45.365120 [debug] [MainThread]: Executing "git --help"
[0m09:44:45.427581 [debug] [MainThread]: STDOUT: "b"usage: git [-v | --version] [-h | --help] [-C <path>] [-c <name>=<value>]\n           [--exec-path[=<path>]] [--html-path] [--man-path] [--info-path]\n           [-p | --paginate | -P | --no-pager] [--no-replace-objects] [--bare]\n           [--git-dir=<path>] [--work-tree=<path>] [--namespace=<name>]\n           [--super-prefix=<path>] [--config-env=<name>=<envvar>]\n           <command> [<args>]\n\nThese are common Git commands used in various situations:\n\nstart a working area (see also: git help tutorial)\n   clone     Clone a repository into a new directory\n   init      Create an empty Git repository or reinitialize an existing one\n\nwork on the current change (see also: git help everyday)\n   add       Add file contents to the index\n   mv        Move or rename a file, a directory, or a symlink\n   restore   Restore working tree files\n   rm        Remove files from the working tree and from the index\n\nexamine the history and state (see also: git help revisions)\n   bisect    Use binary search to find the commit that introduced a bug\n   diff      Show changes between commits, commit and working tree, etc\n   grep      Print lines matching a pattern\n   log       Show commit logs\n   show      Show various types of objects\n   status    Show the working tree status\n\ngrow, mark and tweak your common history\n   branch    List, create, or delete branches\n   commit    Record changes to the repository\n   merge     Join two or more development histories together\n   rebase    Reapply commits on top of another base tip\n   reset     Reset current HEAD to the specified state\n   switch    Switch branches\n   tag       Create, list, delete or verify a tag object signed with GPG\n\ncollaborate (see also: git help workflows)\n   fetch     Download objects and refs from another repository\n   pull      Fetch from and integrate with another repository or a local branch\n   push      Update remote refs along with associated objects\n\n'git help -a' and 'git help -g' list available subcommands and some\nconcept guides. See 'git help <command>' or 'git help <concept>'\nto read about a specific subcommand or concept.\nSee 'git help git' for an overview of the system.\n""
[0m09:44:45.427581 [debug] [MainThread]: STDERR: "b''"
[0m09:44:45.427581 [info ] [MainThread]:  - git [[32mOK found[0m]

[0m09:44:45.427581 [info ] [MainThread]: Connection:
[0m09:44:45.427581 [info ] [MainThread]:   account: KEUZWIE-BC34931
[0m09:44:45.427581 [info ] [MainThread]:   user: DBT
[0m09:44:45.427581 [info ] [MainThread]:   database: AMAZON
[0m09:44:45.427581 [info ] [MainThread]:   warehouse: COMPUTE_WH
[0m09:44:45.427581 [info ] [MainThread]:   role: TRANSFORM
[0m09:44:45.434088 [info ] [MainThread]:   schema: DEV
[0m09:44:45.434088 [info ] [MainThread]:   authenticator: None
[0m09:44:45.434088 [info ] [MainThread]:   oauth_client_id: None
[0m09:44:45.434088 [info ] [MainThread]:   query_tag: None
[0m09:44:45.434088 [info ] [MainThread]:   client_session_keep_alive: False
[0m09:44:45.434088 [info ] [MainThread]:   host: None
[0m09:44:45.434088 [info ] [MainThread]:   port: None
[0m09:44:45.434088 [info ] [MainThread]:   proxy_host: None
[0m09:44:45.434088 [info ] [MainThread]:   proxy_port: None
[0m09:44:45.434088 [info ] [MainThread]:   protocol: None
[0m09:44:45.434088 [info ] [MainThread]:   connect_retries: 1
[0m09:44:45.434088 [info ] [MainThread]:   connect_timeout: None
[0m09:44:45.434088 [info ] [MainThread]:   retry_on_database_errors: False
[0m09:44:45.434088 [info ] [MainThread]:   retry_all: False
[0m09:44:45.443642 [info ] [MainThread]:   insecure_mode: False
[0m09:44:45.443642 [info ] [MainThread]:   reuse_connections: None
[0m09:44:45.443642 [info ] [MainThread]: Registered adapter: snowflake=1.8.3
[0m09:44:45.443642 [debug] [MainThread]: Acquiring new snowflake connection 'debug'
[0m09:44:45.443642 [debug] [MainThread]: Using snowflake connection "debug"
[0m09:44:45.443642 [debug] [MainThread]: On debug: select 1 as id
[0m09:44:45.443642 [debug] [MainThread]: Opening a new connection, currently in state init
[0m09:44:47.408946 [debug] [MainThread]: SQL status: SUCCESS 1 in 2.0 seconds
[0m09:44:47.408946 [debug] [MainThread]: On debug: Close
[0m09:44:47.771347 [info ] [MainThread]:   Connection test: [[32mOK connection ok[0m]

[0m09:44:47.771347 [info ] [MainThread]: [31m1 check failed:[0m
[0m09:44:47.771347 [info ] [MainThread]: Project loading failed for the following reason:
 project path <C:\Users\Shivam_Bhongade\Desktop\practice\assesment\sales_data_modelling\dbt_project.yml> not found

[0m09:44:47.771347 [debug] [MainThread]: Command `dbt debug` failed at 09:44:47.771347 after 3.37 seconds
[0m09:44:47.771347 [debug] [MainThread]: Connection 'debug' was properly closed.
[0m09:44:47.771347 [debug] [MainThread]: Sending event: {'category': 'dbt', 'action': 'invocation', 'label': 'end', 'context': [<snowplow_tracker.self_describing_json.SelfDescribingJson object at 0x00000222FBF49450>, <snowplow_tracker.self_describing_json.SelfDescribingJson object at 0x00000222820FAF90>, <snowplow_tracker.self_describing_json.SelfDescribingJson object at 0x00000222820E9C10>]}
[0m09:44:47.771347 [debug] [MainThread]: Flushing usage events
[0m18:01:42.132420 [debug] [MainThread]: Sending event: {'category': 'dbt', 'action': 'invocation', 'label': 'start', 'context': [<snowplow_tracker.self_describing_json.SelfDescribingJson object at 0x0000014E6505A510>, <snowplow_tracker.self_describing_json.SelfDescribingJson object at 0x0000014E65053490>, <snowplow_tracker.self_describing_json.SelfDescribingJson object at 0x0000014E650536D0>]}


============================== 18:01:42.132420 | e551a6bb-dfdd-46ea-8219-e1a14ba9fed1 ==============================
[0m18:01:42.132420 [info ] [MainThread]: Running with dbt=1.8.2
[0m18:01:42.132420 [debug] [MainThread]: running dbt with arguments {'printer_width': '80', 'indirect_selection': 'eager', 'log_cache_events': 'False', 'write_json': 'True', 'partial_parse': 'True', 'cache_selected_only': 'False', 'profiles_dir': 'C:\\Users\\Shivam_Bhongade\\.dbt', 'debug': 'False', 'fail_fast': 'False', 'log_path': 'logs', 'version_check': 'True', 'warn_error': 'None', 'use_colors': 'True', 'use_experimental_parser': 'False', 'no_print': 'None', 'quiet': 'False', 'warn_error_options': 'WarnErrorOptions(include=[], exclude=[])', 'introspect': 'True', 'log_format': 'default', 'invocation_command': 'dbt compile', 'target_path': 'None', 'static_parser': 'True', 'send_anonymous_usage_stats': 'True'}
[0m18:01:42.148055 [error] [MainThread]: Encountered an error:
Runtime Error
  No dbt_project.yml found at expected path C:\Users\Shivam_Bhongade\Desktop\practice\assesment\sales_data_modelling\dbt_project.yml
  Verify that each entry within packages.yml (and their transitive dependencies) contains a file named dbt_project.yml
  
[0m18:01:42.148055 [debug] [MainThread]: Command `dbt compile` failed at 18:01:42.148055 after 0.13 seconds
[0m18:01:42.148055 [debug] [MainThread]: Sending event: {'category': 'dbt', 'action': 'invocation', 'label': 'end', 'context': [<snowplow_tracker.self_describing_json.SelfDescribingJson object at 0x0000014E5ED99450>, <snowplow_tracker.self_describing_json.SelfDescribingJson object at 0x0000014E65053150>, <snowplow_tracker.self_describing_json.SelfDescribingJson object at 0x0000014E5ED8D790>]}
[0m18:01:42.148055 [debug] [MainThread]: Flushing usage events
[0m23:24:09.145237 [debug] [MainThread]: Sending event: {'category': 'dbt', 'action': 'invocation', 'label': 'start', 'context': [<snowplow_tracker.self_describing_json.SelfDescribingJson object at 0x0000021152C03810>, <snowplow_tracker.self_describing_json.SelfDescribingJson object at 0x0000021152C02AD0>, <snowplow_tracker.self_describing_json.SelfDescribingJson object at 0x0000021152985390>]}


============================== 23:24:09.145237 | 2f9e2fdf-8448-47e0-ba23-418c63d4810b ==============================
[0m23:24:09.145237 [info ] [MainThread]: Running with dbt=1.8.2
[0m23:24:09.145237 [debug] [MainThread]: running dbt with arguments {'printer_width': '80', 'indirect_selection': 'eager', 'log_cache_events': 'False', 'write_json': 'True', 'partial_parse': 'True', 'cache_selected_only': 'False', 'profiles_dir': 'C:\\Users\\Shivam_Bhongade\\.dbt', 'fail_fast': 'False', 'debug': 'False', 'log_path': 'logs', 'warn_error': 'None', 'version_check': 'True', 'use_colors': 'True', 'use_experimental_parser': 'False', 'no_print': 'None', 'quiet': 'False', 'log_format': 'default', 'introspect': 'True', 'invocation_command': 'dbt run', 'static_parser': 'True', 'target_path': 'None', 'warn_error_options': 'WarnErrorOptions(include=[], exclude=[])', 'send_anonymous_usage_stats': 'True'}
[0m23:24:09.160864 [error] [MainThread]: Encountered an error:
Runtime Error
  No dbt_project.yml found at expected path C:\Users\Shivam_Bhongade\Desktop\practice\assesment\sales_data_modelling\dbt_project.yml
  Verify that each entry within packages.yml (and their transitive dependencies) contains a file named dbt_project.yml
  
[0m23:24:09.160864 [debug] [MainThread]: Command `dbt run` failed at 23:24:09.160864 after 0.13 seconds
[0m23:24:09.160864 [debug] [MainThread]: Sending event: {'category': 'dbt', 'action': 'invocation', 'label': 'end', 'context': [<snowplow_tracker.self_describing_json.SelfDescribingJson object at 0x000002114C979450>, <snowplow_tracker.self_describing_json.SelfDescribingJson object at 0x0000021152C02D90>, <snowplow_tracker.self_describing_json.SelfDescribingJson object at 0x000002114C7DBFD0>]}
[0m23:24:09.160864 [debug] [MainThread]: Flushing usage events
[0m17:59:54.736320 [debug] [MainThread]: Sending event: {'category': 'dbt', 'action': 'invocation', 'label': 'start', 'context': [<snowplow_tracker.self_describing_json.SelfDescribingJson object at 0x0000019D8F8C2750>, <snowplow_tracker.self_describing_json.SelfDescribingJson object at 0x0000019D8F8C2690>, <snowplow_tracker.self_describing_json.SelfDescribingJson object at 0x0000019D8F8C2B90>]}


============================== 17:59:54.751960 | acd858b8-107a-4a39-b9de-2e2399cb261b ==============================
[0m17:59:54.751960 [info ] [MainThread]: Running with dbt=1.8.2
[0m17:59:54.751960 [debug] [MainThread]: running dbt with arguments {'printer_width': '80', 'indirect_selection': 'eager', 'log_cache_events': 'False', 'write_json': 'True', 'partial_parse': 'True', 'cache_selected_only': 'False', 'profiles_dir': 'C:\\Users\\Shivam_Bhongade\\.dbt', 'version_check': 'True', 'fail_fast': 'False', 'log_path': 'logs', 'debug': 'False', 'warn_error': 'None', 'use_colors': 'True', 'use_experimental_parser': 'False', 'no_print': 'None', 'quiet': 'False', 'warn_error_options': 'WarnErrorOptions(include=[], exclude=[])', 'static_parser': 'True', 'invocation_command': 'dbt run', 'introspect': 'True', 'target_path': 'None', 'log_format': 'default', 'send_anonymous_usage_stats': 'True'}
[0m17:59:54.751960 [error] [MainThread]: Encountered an error:
Runtime Error
  No dbt_project.yml found at expected path C:\Users\Shivam_Bhongade\Desktop\practice\assesment\sales_data_modelling\dbt_project.yml
  Verify that each entry within packages.yml (and their transitive dependencies) contains a file named dbt_project.yml
  
[0m17:59:54.751960 [debug] [MainThread]: Command `dbt run` failed at 17:59:54.751960 after 0.22 seconds
[0m17:59:54.751960 [debug] [MainThread]: Sending event: {'category': 'dbt', 'action': 'invocation', 'label': 'end', 'context': [<snowplow_tracker.self_describing_json.SelfDescribingJson object at 0x0000019D89739450>, <snowplow_tracker.self_describing_json.SelfDescribingJson object at 0x0000019D8D2A0510>, <snowplow_tracker.self_describing_json.SelfDescribingJson object at 0x0000019D8EE673D0>]}
[0m17:59:54.751960 [debug] [MainThread]: Flushing usage events
